[   424.701] (--) Log file renamed from "/home/ghof/.local/share/xorg/Xorg.pid-2133.log" to "/home/ghof/.local/share/xorg/Xorg.0.log"
[   424.702] 
X.Org X Server 1.20.8
X Protocol Version 11, Revision 0
[   424.702] Build Operating System: Linux 4.4.0-184-generic x86_64 Ubuntu
[   424.702] Current Operating System: Linux ghof-VirtualBox 5.4.0-52-generic #57-Ubuntu SMP Thu Oct 15 10:57:00 UTC 2020 x86_64
[   424.702] Kernel command line: BOOT_IMAGE=/boot/vmlinuz-5.4.0-52-generic root=UUID=43d39326-2cd6-4c07-a8fc-03a584e014a2 ro quiet splash
[   424.702] Build Date: 24 June 2020  06:00:21AM
[   424.702] xorg-server 2:1.20.8-2ubuntu2.2 (For technical support please see http://www.ubuntu.com/support) 
[   424.702] Current version of pixman: 0.38.4
[   424.702] 	Before reporting problems, check http://wiki.x.org
	to make sure that you have the latest version.
[   424.702] Markers: (--) probed, (**) from config file, (==) default setting,
	(++) from command line, (!!) notice, (II) informational,
	(WW) warning, (EE) error, (NI) not implemented, (??) unknown.
[   424.702] (==) Log file: "/home/ghof/.local/share/xorg/Xorg.0.log", Time: Tue Oct 20 22:45:31 2020
[   424.733] (==) Using system config directory "/usr/share/X11/xorg.conf.d"
[   424.750] (==) No Layout section.  Using the first Screen section.
[   424.750] (==) No screen section available. Using defaults.
[   424.750] (**) |-->Screen "Default Screen Section" (0)
[   424.750] (**) |   |-->Monitor "<default monitor>"
[   424.782] (==) No monitor specified for screen "Default Screen Section".
	Using a default monitor configuration.
[   424.782] (==) Automatically adding devices
[   424.782] (==) Automatically enabling devices
[   424.782] (==) Automatically adding GPU devices
[   424.782] (==) Automatically binding GPU devices
[   424.782] (==) Max clients allowed: 256, resource mask: 0x1fffff
[   424.782] (WW) The directory "/usr/share/fonts/X11/cyrillic" does not exist.
[   424.782] 	Entry deleted from font path.
[   424.782] (WW) The directory "/usr/share/fonts/X11/100dpi/" does not exist.
[   424.782] 	Entry deleted from font path.
[   424.782] (WW) The directory "/usr/share/fonts/X11/75dpi/" does not exist.
[   424.782] 	Entry deleted from font path.
[   424.782] (WW) The directory "/usr/share/fonts/X11/100dpi" does not exist.
[   424.782] 	Entry deleted from font path.
[   424.782] (WW) The directory "/usr/share/fonts/X11/75dpi" does not exist.
[   424.782] 	Entry deleted from font path.
[   424.782] (==) FontPath set to:
	/usr/share/fonts/X11/misc,
	/usr/share/fonts/X11/Type1,
	built-ins
[   424.782] (==) ModulePath set to "/usr/lib/xorg/modules"
[   424.782] (II) The server relies on udev to provide the list of input devices.
	If no devices become available, reconfigure udev or disable AutoAddDevices.
[   424.782] (II) Loader magic: 0x55e3e9d53020
[   424.782] (II) Module ABI versions:
[   424.782] 	X.Org ANSI C Emulation: 0.4
[   424.782] 	X.Org Video Driver: 24.1
[   424.782] 	X.Org XInput driver : 24.1
[   424.782] 	X.Org Server Extension : 10.0
[   424.786] (++) using VT number 2

[   424.789] (II) systemd-logind: took control of session /org/freedesktop/login1/session/_32
[   424.791] (II) xfree86: Adding drm device (/dev/dri/card0)
[   424.793] (II) systemd-logind: got fd for /dev/dri/card0 226:0 fd 12 paused 0
[   424.797] (--) PCI:*(0@0:2:0) 15ad:0405:15ad:0405 rev 0, Mem @ 0xe0000000/16777216, 0xf0000000/2097152, I/O @ 0x0000d010/16, BIOS @ 0x????????/131072
[   424.798] (II) LoadModule: "glx"
[   424.815] (II) Loading /usr/lib/xorg/modules/extensions/libglx.so
[   424.835] (II) Module glx: vendor="X.Org Foundation"
[   424.835] 	compiled for 1.20.8, module version = 1.0.0
[   424.835] 	ABI class: X.Org Server Extension, version 10.0
[   424.835] (==) Matched vmware as autoconfigured driver 0
[   424.835] (==) Matched modesetting as autoconfigured driver 1
[   424.835] (==) Matched fbdev as autoconfigured driver 2
[   424.835] (==) Matched vesa as autoconfigured driver 3
[   424.835] (==) Assigned the driver to the xf86ConfigLayout
[   424.835] (II) LoadModule: "vmware"
[   424.836] (II) Loading /usr/lib/xorg/modules/drivers/vmware_drv.so
[   425.349] (II) Module vmware: vendor="X.Org Foundation"
[   425.349] 	compiled for 1.20.8, module version = 13.3.0
[   425.349] 	Module class: X.Org Video Driver
[   425.349] 	ABI class: X.Org Video Driver, version 24.1
[   425.349] (II) LoadModule: "modesetting"
[   425.349] (II) Loading /usr/lib/xorg/modules/drivers/modesetting_drv.so
[   425.376] (II) Module modesetting: vendor="X.Org Foundation"
[   425.376] 	compiled for 1.20.8, module version = 1.20.8
[   425.376] 	Module class: X.Org Video Driver
[   425.376] 	ABI class: X.Org Video Driver, version 24.1
[   425.376] (II) LoadModule: "fbdev"
[   425.376] (II) Loading /usr/lib/xorg/modules/drivers/fbdev_drv.so
[   425.377] (II) Module fbdev: vendor="X.Org Foundation"
[   425.377] 	compiled for 1.20.1, module version = 0.5.0
[   425.377] 	Module class: X.Org Video Driver
[   425.377] 	ABI class: X.Org Video Driver, version 24.0
[   425.377] (II) LoadModule: "vesa"
[   425.377] (II) Loading /usr/lib/xorg/modules/drivers/vesa_drv.so
[   425.378] (II) Module vesa: vendor="X.Org Foundation"
[   425.378] 	compiled for 1.20.4, module version = 2.4.0
[   425.378] 	Module class: X.Org Video Driver
[   425.378] 	ABI class: X.Org Video Driver, version 24.0
[   425.378] (II) vmware: driver for VMware SVGA: vmware0405, vmware0710
[   425.378] (II) modesetting: Driver for Modesetting Kernel Drivers: kms
[   425.378] (II) FBDEV: driver for framebuffer: fbdev
[   425.378] (II) VESA: driver for VESA chipsets: vesa
[   425.378] xf86EnableIOPorts: failed to set IOPL for I/O (Operation not permitted)
[   425.378] (WW) Falling back to old probe method for modesetting
[   425.378] (WW) Falling back to old probe method for fbdev
[   425.378] (II) Loading sub module "fbdevhw"
[   425.378] (II) LoadModule: "fbdevhw"
[   425.378] (II) Loading /usr/lib/xorg/modules/libfbdevhw.so
[   425.390] (II) Module fbdevhw: vendor="X.Org Foundation"
[   425.390] 	compiled for 1.20.8, module version = 0.0.2
[   425.390] 	ABI class: X.Org Video Driver, version 24.1
[   425.390] (EE) open /dev/fb0: Permission denied
[   425.390] (WW) VGA arbiter: cannot open kernel arbiter, no multi-card support
[   425.391] (II) vmware(0): Creating default Display subsection in Screen section
	"Default Screen Section" for depth/fbbpp 24/32
[   425.391] (--) vmware(0): DRM driver version is 2.15.0
[   425.391] (==) vmware(0): Depth 24, (--) framebuffer bpp 32
[   425.391] (==) vmware(0): RGB weight 888
[   425.391] (==) vmware(0): Default visual is TrueColor
[   425.391] (--) vmware(0): Min width 1, Max Width 8192.
[   425.391] (--) vmware(0): Min height 1, Max Height 8192.
[   425.391] (II) vmware(0): Output Virtual1 has no monitor section
[   425.391] (II) vmware(0): Output Virtual2 has no monitor section
[   425.391] (II) vmware(0): Output Virtual3 has no monitor section
[   425.391] (II) vmware(0): Output Virtual4 has no monitor section
[   425.391] (II) vmware(0): Output Virtual5 has no monitor section
[   425.391] (II) vmware(0): Output Virtual6 has no monitor section
[   425.391] (II) vmware(0): Output Virtual7 has no monitor section
[   425.391] (II) vmware(0): Output Virtual8 has no monitor section
[   425.391] (II) vmware(0): Printing probed modes for output Virtual1
[   425.391] (II) vmware(0): Modeline "800x600"x60.0   42.75  800 850 900 950  600 650 700 750 -hsync +vsync (45.0 kHz eP)
[   425.391] (II) vmware(0): Modeline "2560x1600"x60.0  348.50  2560 2752 3032 3504  1600 1603 1609 1658 -hsync +vsync (99.5 kHz e)
[   425.391] (II) vmware(0): Modeline "1920x1440"x60.0  234.00  1920 2048 2256 2600  1440 1441 1444 1500 -hsync +vsync (90.0 kHz e)
[   425.391] (II) vmware(0): Modeline "1856x1392"x60.0  218.25  1856 1952 2176 2528  1392 1393 1396 1439 -hsync +vsync (86.3 kHz e)
[   425.392] (II) vmware(0): Modeline "1792x1344"x60.0  204.75  1792 1920 2120 2448  1344 1345 1348 1394 -hsync +vsync (83.6 kHz e)
[   425.392] (II) vmware(0): Modeline "1920x1200"x59.9  193.25  1920 2056 2256 2592  1200 1203 1209 1245 -hsync +vsync (74.6 kHz e)
[   425.392] (II) vmware(0): Modeline "1600x1200"x60.0  162.00  1600 1664 1856 2160  1200 1201 1204 1250 +hsync +vsync (75.0 kHz e)
[   425.392] (II) vmware(0): Modeline "1680x1050"x60.0  146.25  1680 1784 1960 2240  1050 1053 1059 1089 -hsync +vsync (65.3 kHz e)
[   425.392] (II) vmware(0): Modeline "1400x1050"x60.0  121.75  1400 1488 1632 1864  1050 1053 1057 1089 -hsync +vsync (65.3 kHz e)
[   425.392] (II) vmware(0): Modeline "1280x1024"x60.0  108.00  1280 1328 1440 1688  1024 1025 1028 1066 +hsync +vsync (64.0 kHz e)
[   425.392] (II) vmware(0): Modeline "1440x900"x59.9  106.50  1440 1520 1672 1904  900 903 909 934 -hsync +vsync (55.9 kHz e)
[   425.392] (II) vmware(0): Modeline "1280x960"x60.0  108.00  1280 1376 1488 1800  960 961 964 1000 +hsync +vsync (60.0 kHz e)
[   425.392] (II) vmware(0): Modeline "1360x768"x60.0   85.50  1360 1424 1536 1792  768 771 777 795 +hsync +vsync (47.7 kHz e)
[   425.392] (II) vmware(0): Modeline "1280x800"x59.8   83.50  1280 1352 1480 1680  800 803 809 831 +hsync -vsync (49.7 kHz e)
[   425.392] (II) vmware(0): Modeline "1152x864"x75.0  108.00  1152 1216 1344 1600  864 865 868 900 +hsync +vsync (67.5 kHz e)
[   425.392] (II) vmware(0): Modeline "1280x768"x59.9   79.50  1280 1344 1472 1664  768 771 778 798 -hsync +vsync (47.8 kHz e)
[   425.392] (II) vmware(0): Modeline "1024x768"x60.0   65.00  1024 1048 1184 1344  768 771 777 806 -hsync -vsync (48.4 kHz e)
[   425.392] (II) vmware(0): Modeline "800x600"x60.3   40.00  800 840 968 1056  600 601 605 628 +hsync +vsync (37.9 kHz e)
[   425.392] (II) vmware(0): Modeline "640x480"x59.9   25.18  640 656 752 800  480 489 492 525 -hsync -vsync (31.5 kHz e)
[   425.392] (II) vmware(0): EDID for output Virtual2
[   425.392] (II) vmware(0): EDID for output Virtual3
[   425.392] (II) vmware(0): EDID for output Virtual4
[   425.392] (II) vmware(0): EDID for output Virtual5
[   425.392] (II) vmware(0): EDID for output Virtual6
[   425.392] (II) vmware(0): EDID for output Virtual7
[   425.392] (II) vmware(0): EDID for output Virtual8
[   425.392] (II) vmware(0): Output Virtual1 connected
[   425.392] (II) vmware(0): Output Virtual2 disconnected
[   425.392] (II) vmware(0): Output Virtual3 disconnected
[   425.392] (II) vmware(0): Output Virtual4 disconnected
[   425.392] (II) vmware(0): Output Virtual5 disconnected
[   425.392] (II) vmware(0): Output Virtual6 disconnected
[   425.392] (II) vmware(0): Output Virtual7 disconnected
[   425.392] (II) vmware(0): Output Virtual8 disconnected
[   425.392] (II) vmware(0): Using exact sizes for initial modes
[   425.392] (II) vmware(0): Output Virtual1 using initial mode 800x600 +0+0
[   425.392] (==) vmware(0): DPI set to (96, 96)
[   425.392] (==) vmware(0): Using gamma correction (1.0, 1.0, 1.0)
[   425.392] (II) Loading sub module "fb"
[   425.392] (II) LoadModule: "fb"
[   425.392] (II) Loading /usr/lib/xorg/modules/libfb.so
[   425.413] (II) Module fb: vendor="X.Org Foundation"
[   425.413] 	compiled for 1.20.8, module version = 1.0.0
[   425.413] 	ABI class: X.Org ANSI C Emulation, version 0.4
[   425.413] (II) Loading sub module "dri2"
[   425.413] (II) LoadModule: "dri2"
[   425.413] (II) Module "dri2" already built-in
[   425.413] (II) Loading sub module "dri3"
[   425.413] (II) LoadModule: "dri3"
[   425.413] (II) Module "dri3" already built-in
[   425.413] (II) UnloadModule: "modesetting"
[   425.413] (II) Unloading modesetting
[   425.413] (II) UnloadModule: "fbdev"
[   425.413] (II) Unloading fbdev
[   425.413] (II) UnloadSubModule: "fbdevhw"
[   425.413] (II) Unloading fbdevhw
[   425.413] (II) UnloadModule: "vesa"
[   425.413] (II) Unloading vesa
[   425.444] (II) vmware(0): Initialized VMWARE_CTRL extension version 0.2
[   425.487] (WW) vmware(0): Failed to initialize Gallium3D Xa. No render acceleration available.
[   425.487] (WW) vmware(0): Skipped initialization of direct rendering due to lack of render acceleration.
[   425.487] (--) vmware(0): Render acceleration is disabled.
[   425.488] (==) vmware(0): Rendercheck mode is disabled.
[   425.488] (--) vmware(0): Direct rendering (DRI2 3D) is disabled.
[   425.488] (--) vmware(0): Direct rendering (DRI3 3D) is disabled.
[   425.488] (==) vmware(0): Backing store enabled
[   425.488] (==) vmware(0): Silken mouse enabled
[   425.490] (==) vmware(0): DPMS enabled
[   425.490] (II) vmware(0): No 3D acceleration. Not setting up textured video.
[   425.490] (WW) vmware(0): Disabling Xv because no adaptors could be initialized.
[   425.490] (II) Initializing extension Generic Event Extension
[   425.490] (II) Initializing extension SHAPE
[   425.490] (II) Initializing extension MIT-SHM
[   425.490] (II) Initializing extension XInputExtension
[   425.491] (II) Initializing extension XTEST
[   425.491] (II) Initializing extension BIG-REQUESTS
[   425.491] (II) Initializing extension SYNC
[   425.492] (II) Initializing extension XKEYBOARD
[   425.492] (II) Initializing extension XC-MISC
[   425.492] (II) Initializing extension SECURITY
[   425.492] (II) Initializing extension XFIXES
[   425.492] (II) Initializing extension RENDER
[   425.492] (II) Initializing extension RANDR
[   425.493] (II) Initializing extension COMPOSITE
[   425.493] (II) Initializing extension DAMAGE
[   425.493] (II) Initializing extension MIT-SCREEN-SAVER
[   425.493] (II) Initializing extension DOUBLE-BUFFER
[   425.493] (II) Initializing extension RECORD
[   425.494] (II) Initializing extension DPMS
[   425.494] (II) Initializing extension Present
[   425.494] (II) Initializing extension DRI3
[   425.494] (II) Initializing extension X-Resource
[   425.494] (II) Initializing extension XVideo
[   425.494] (II) Initializing extension XVideo-MotionCompensation
[   425.494] (II) Initializing extension SELinux
[   425.494] (II) SELinux: Disabled on system
[   425.494] (II) Initializing extension GLX
[   425.494] (II) AIGLX: Screen 0 is not DRI2 capable
[   425.501] (II) IGLX: Loaded and initialized swrast
[   425.501] (II) GLX: Initialized DRISWRAST GL provider for screen 0
[   425.501] (II) Initializing extension XFree86-VidModeExtension
[   425.501] (II) Initializing extension XFree86-DGA
[   425.502] (II) Initializing extension XFree86-DRI
[   425.526] (II) Initializing extension DRI2
[   425.534] (II) vmware(0): Setting screen physical size to 211 x 158
[   425.586] (II) config/udev: Adding input device Power Button (/dev/input/event0)
[   425.586] (**) Power Button: Applying InputClass "libinput keyboard catchall"
[   425.586] (II) LoadModule: "libinput"
[   425.587] (II) Loading /usr/lib/xorg/modules/input/libinput_drv.so
[   425.590] (II) Module libinput: vendor="X.Org Foundation"
[   425.590] 	compiled for 1.20.4, module version = 0.29.0
[   425.591] 	Module class: X.Org XInput Driver
[   425.591] 	ABI class: X.Org XInput driver, version 24.1
[   425.591] (II) Using input driver 'libinput' for 'Power Button'
[   425.594] (II) systemd-logind: got fd for /dev/input/event0 13:64 fd 20 paused 0
[   425.594] (**) Power Button: always reports core events
[   425.594] (**) Option "Device" "/dev/input/event0"
[   425.594] (**) Option "_source" "server/udev"
[   425.597] (II) event0  - Power Button: is tagged by udev as: Keyboard
[   425.597] (II) event0  - Power Button: device is a keyboard
[   425.597] (II) event0  - Power Button: device removed
[   425.597] (**) Option "config_info" "udev:/sys/devices/LNXSYSTM:00/LNXPWRBN:00/input/input0/event0"
[   425.597] (II) XINPUT: Adding extended input device "Power Button" (type: KEYBOARD, id 6)
[   425.597] (**) Option "xkb_model" "pc105"
[   425.598] (**) Option "xkb_layout" "fr"
[   425.697] (II) event0  - Power Button: is tagged by udev as: Keyboard
[   425.697] (II) event0  - Power Button: device is a keyboard
[   425.700] (II) config/udev: Adding input device Sleep Button (/dev/input/event1)
[   425.700] (**) Sleep Button: Applying InputClass "libinput keyboard catchall"
[   425.700] (II) Using input driver 'libinput' for 'Sleep Button'
[   425.704] (II) systemd-logind: got fd for /dev/input/event1 13:65 fd 23 paused 0
[   425.704] (**) Sleep Button: always reports core events
[   425.704] (**) Option "Device" "/dev/input/event1"
[   425.704] (**) Option "_source" "server/udev"
[   425.706] (II) event1  - Sleep Button: is tagged by udev as: Keyboard
[   425.706] (II) event1  - Sleep Button: device is a keyboard
[   425.709] (II) event1  - Sleep Button: device removed
[   425.709] (**) Option "config_info" "udev:/sys/devices/LNXSYSTM:00/LNXSLPBN:00/input/input1/event1"
[   425.709] (II) XINPUT: Adding extended input device "Sleep Button" (type: KEYBOARD, id 7)
[   425.709] (**) Option "xkb_model" "pc105"
[   425.709] (**) Option "xkb_layout" "fr"
[   425.714] (II) event1  - Sleep Button: is tagged by udev as: Keyboard
[   425.714] (II) event1  - Sleep Button: device is a keyboard
[   425.717] (II) config/udev: Adding input device Video Bus (/dev/input/event3)
[   425.717] (**) Video Bus: Applying InputClass "libinput keyboard catchall"
[   425.717] (II) Using input driver 'libinput' for 'Video Bus'
[   425.723] (II) systemd-logind: got fd for /dev/input/event3 13:67 fd 24 paused 0
[   425.723] (**) Video Bus: always reports core events
[   425.723] (**) Option "Device" "/dev/input/event3"
[   425.723] (**) Option "_source" "server/udev"
[   425.725] (II) event3  - Video Bus: is tagged by udev as: Keyboard
[   425.725] (II) event3  - Video Bus: device is a keyboard
[   425.728] (II) event3  - Video Bus: device removed
[   425.728] (**) Option "config_info" "udev:/sys/devices/LNXSYSTM:00/LNXSYBUS:00/PNP0A03:00/LNXVIDEO:00/input/input4/event3"
[   425.729] (II) XINPUT: Adding extended input device "Video Bus" (type: KEYBOARD, id 8)
[   425.729] (**) Option "xkb_model" "pc105"
[   425.729] (**) Option "xkb_layout" "fr"
[   425.734] (II) event3  - Video Bus: is tagged by udev as: Keyboard
[   425.734] (II) event3  - Video Bus: device is a keyboard
[   425.739] (II) config/udev: Adding input device VirtualBox mouse integration (/dev/input/event6)
[   425.741] (**) VirtualBox mouse integration: Applying InputClass "libinput pointer catchall"
[   425.741] (II) Using input driver 'libinput' for 'VirtualBox mouse integration'
[   425.749] (II) systemd-logind: got fd for /dev/input/event6 13:70 fd 25 paused 0
[   425.749] (**) VirtualBox mouse integration: always reports core events
[   425.749] (**) Option "Device" "/dev/input/event6"
[   425.749] (**) Option "_source" "server/udev"
[   425.753] (II) event6  - VirtualBox mouse integration: is tagged by udev as: Mouse
[   425.754] (II) event6  - VirtualBox mouse integration: device is a pointer
[   425.755] (II) event6  - VirtualBox mouse integration: device removed
[   425.756] (**) Option "config_info" "udev:/sys/devices/pci0000:00/0000:00:04.0/input/input7/event6"
[   425.756] (II) XINPUT: Adding extended input device "VirtualBox mouse integration" (type: MOUSE, id 9)
[   425.756] (**) Option "AccelerationScheme" "none"
[   425.756] (**) VirtualBox mouse integration: (accel) selected scheme none/0
[   425.756] (**) VirtualBox mouse integration: (accel) acceleration factor: 2.000
[   425.756] (**) VirtualBox mouse integration: (accel) acceleration threshold: 4
[   425.758] (II) event6  - VirtualBox mouse integration: is tagged by udev as: Mouse
[   425.758] (II) event6  - VirtualBox mouse integration: device is a pointer
[   425.758] (II) config/udev: Adding input device VirtualBox mouse integration (/dev/input/js1)
[   425.759] (II) No input driver specified, ignoring this device.
[   425.759] (II) This device may have been added with another device file.
[   425.762] (II) config/udev: Adding input device VirtualBox USB Tablet (/dev/input/event5)
[   425.762] (**) VirtualBox USB Tablet: Applying InputClass "libinput pointer catchall"
[   425.762] (II) Using input driver 'libinput' for 'VirtualBox USB Tablet'
[   425.824] (II) systemd-logind: got fd for /dev/input/event5 13:69 fd 26 paused 0
[   425.824] (**) VirtualBox USB Tablet: always reports core events
[   425.824] (**) Option "Device" "/dev/input/event5"
[   425.824] (**) Option "_source" "server/udev"
[   425.827] (II) event5  - VirtualBox USB Tablet: is tagged by udev as: Mouse
[   425.827] (II) event5  - VirtualBox USB Tablet: device is a pointer
[   425.828] (II) event5  - VirtualBox USB Tablet: device removed
[   425.828] (**) Option "config_info" "udev:/sys/devices/pci0000:00/0000:00:06.0/usb1/1-1/1-1:1.0/0003:80EE:0021.0001/input/input6/event5"
[   425.828] (II) XINPUT: Adding extended input device "VirtualBox USB Tablet" (type: MOUSE, id 10)
[   425.828] (**) Option "AccelerationScheme" "none"
[   425.828] (**) VirtualBox USB Tablet: (accel) selected scheme none/0
[   425.828] (**) VirtualBox USB Tablet: (accel) acceleration factor: 2.000
[   425.828] (**) VirtualBox USB Tablet: (accel) acceleration threshold: 4
[   425.832] (II) event5  - VirtualBox USB Tablet: is tagged by udev as: Mouse
[   425.835] (II) event5  - VirtualBox USB Tablet: device is a pointer
[   425.837] (II) config/udev: Adding input device VirtualBox USB Tablet (/dev/input/js0)
[   425.837] (II) No input driver specified, ignoring this device.
[   425.837] (II) This device may have been added with another device file.
[   425.841] (II) config/udev: Adding input device VirtualBox USB Tablet (/dev/input/mouse1)
[   425.841] (II) No input driver specified, ignoring this device.
[   425.841] (II) This device may have been added with another device file.
[   425.844] (II) config/udev: Adding input device AT Translated Set 2 keyboard (/dev/input/event2)
[   425.844] (**) AT Translated Set 2 keyboard: Applying InputClass "libinput keyboard catchall"
[   425.844] (II) Using input driver 'libinput' for 'AT Translated Set 2 keyboard'
[   425.848] (II) systemd-logind: got fd for /dev/input/event2 13:66 fd 27 paused 0
[   425.848] (**) AT Translated Set 2 keyboard: always reports core events
[   425.848] (**) Option "Device" "/dev/input/event2"
[   425.848] (**) Option "_source" "server/udev"
[   425.855] (II) event2  - AT Translated Set 2 keyboard: is tagged by udev as: Keyboard
[   425.855] (II) event2  - AT Translated Set 2 keyboard: device is a keyboard
[   425.855] (II) event2  - AT Translated Set 2 keyboard: device removed
[   425.855] (**) Option "config_info" "udev:/sys/devices/platform/i8042/serio0/input/input2/event2"
[   425.856] (II) XINPUT: Adding extended input device "AT Translated Set 2 keyboard" (type: KEYBOARD, id 11)
[   425.856] (**) Option "xkb_model" "pc105"
[   425.856] (**) Option "xkb_layout" "fr"
[   425.860] (II) event2  - AT Translated Set 2 keyboard: is tagged by udev as: Keyboard
[   425.860] (II) event2  - AT Translated Set 2 keyboard: device is a keyboard
[   425.866] (II) config/udev: Adding input device ImExPS/2 Generic Explorer Mouse (/dev/input/event4)
[   425.866] (**) ImExPS/2 Generic Explorer Mouse: Applying InputClass "libinput pointer catchall"
[   425.866] (II) Using input driver 'libinput' for 'ImExPS/2 Generic Explorer Mouse'
[   425.872] (II) systemd-logind: got fd for /dev/input/event4 13:68 fd 28 paused 0
[   425.872] (**) ImExPS/2 Generic Explorer Mouse: always reports core events
[   425.872] (**) Option "Device" "/dev/input/event4"
[   425.872] (**) Option "_source" "server/udev"
[   425.874] (II) event4  - ImExPS/2 Generic Explorer Mouse: is tagged by udev as: Mouse
[   425.883] (II) event4  - ImExPS/2 Generic Explorer Mouse: device is a pointer
[   425.890] (II) event4  - ImExPS/2 Generic Explorer Mouse: device removed
[   425.890] (**) Option "config_info" "udev:/sys/devices/platform/i8042/serio1/input/input5/event4"
[   425.890] (II) XINPUT: Adding extended input device "ImExPS/2 Generic Explorer Mouse" (type: MOUSE, id 12)
[   425.891] (**) Option "AccelerationScheme" "none"
[   425.891] (**) ImExPS/2 Generic Explorer Mouse: (accel) selected scheme none/0
[   425.891] (**) ImExPS/2 Generic Explorer Mouse: (accel) acceleration factor: 2.000
[   425.891] (**) ImExPS/2 Generic Explorer Mouse: (accel) acceleration threshold: 4
[   425.894] (II) event4  - ImExPS/2 Generic Explorer Mouse: is tagged by udev as: Mouse
[   425.898] (II) event4  - ImExPS/2 Generic Explorer Mouse: device is a pointer
[   425.899] (II) config/udev: Adding input device ImExPS/2 Generic Explorer Mouse (/dev/input/mouse0)
[   425.899] (II) No input driver specified, ignoring this device.
[   425.900] (II) This device may have been added with another device file.
